/home/ubuntu/job3-4/processing/9_235259_dwh_rater_usage_wln_extr_102_21196_20123_47584387283264_17-03-2016_02-48-12_126_100.dat.FIN exists for /home/ubuntu/job3-4/processing/9_235259_dwh_rater_usage_wln_extr_102_21196_20123_47584387283264_17-03-2016_02-48-12_126_100.dat
/home/ubuntu/job3-4/processing/9_235707_dwh_rater_usage_wln_extr_308_21196_24477_47650277697856_17-03-2016_03-46-12_151_105.dat.FIN exists for /home/ubuntu/job3-4/processing/9_235707_dwh_rater_usage_wln_extr_308_21196_24477_47650277697856_17-03-2016_03-46-12_151_105.dat
/home/ubuntu/job3-4/processing/9_235707_dwh_rater_usage_wln_extr_350_21196_24477_47650277697856_17-03-2016_03-46-12_151_107.dat does not have any /home/ubuntu/job3-4/processing/9_235707_dwh_rater_usage_wln_extr_350_21196_24477_47650277697856_17-03-2016_03-46-12_151_107.dat.FIN
/home/ubuntu/job3-4/processing/9_235707_dwh_rater_usage_wln_extr_350_21196_24477_47650277697856_17-03-2016_03-46-12_151_108.dat.FIN does not have any .dat file
/home/ubuntu/job3-4/processing/9_235259_dwh_rater_usage_wln_extr_102_21196_20123_47584387283264_17-03-2016_02-48-12_126_100.dat.FIN exists for /home/ubuntu/job3-4/processing/9_235259_dwh_rater_usage_wln_extr_102_21196_20123_47584387283264_17-03-2016_02-48-12_126_100.dat
/home/ubuntu/job3-4/processing/9_235707_dwh_rater_usage_wln_extr_308_21196_24477_47650277697856_17-03-2016_03-46-12_151_105.dat.FIN exists for /home/ubuntu/job3-4/processing/9_235707_dwh_rater_usage_wln_extr_308_21196_24477_47650277697856_17-03-2016_03-46-12_151_105.dat
/home/ubuntu/job3-4/processing/9_235707_dwh_rater_usage_wln_extr_350_21196_24477_47650277697856_17-03-2016_03-46-12_151_107.dat does not have any /home/ubuntu/job3-4/processing/9_235707_dwh_rater_usage_wln_extr_350_21196_24477_47650277697856_17-03-2016_03-46-12_151_107.dat.FIN
/home/ubuntu/job3-4/processing/9_235707_dwh_rater_usage_wln_extr_350_21196_24477_47650277697856_17-03-2016_03-46-12_151_108.dat.FIN does not have any .dat file
/home/ubuntu/job3-4/processing/9_235259_dwh_rater_usage_wln_extr_102_21196_20123_47584387283264_17-03-2016_02-48-12_126_100.dat.FIN exists for /home/ubuntu/job3-4/processing/9_235259_dwh_rater_usage_wln_extr_102_21196_20123_47584387283264_17-03-2016_02-48-12_126_100.dat
/home/ubuntu/job3-4/processing/9_235707_dwh_rater_usage_wln_extr_308_21196_24477_47650277697856_17-03-2016_03-46-12_151_105.dat.FIN exists for /home/ubuntu/job3-4/processing/9_235707_dwh_rater_usage_wln_extr_308_21196_24477_47650277697856_17-03-2016_03-46-12_151_105.dat
/home/ubuntu/job3-4/processing/9_235707_dwh_rater_usage_wln_extr_350_21196_24477_47650277697856_17-03-2016_03-46-12_151_107.dat does not have any /home/ubuntu/job3-4/processing/9_235707_dwh_rater_usage_wln_extr_350_21196_24477_47650277697856_17-03-2016_03-46-12_151_107.dat.FIN
/home/ubuntu/job3-4/processing/9_235707_dwh_rater_usage_wln_extr_350_21196_24477_47650277697856_17-03-2016_03-46-12_151_108.dat.FIN does not have any .dat file
upload: job3-4/output/dat/9_235259_dwh_rater_usage_wln_extr_102_21196_20123_47584387283264_17-03-2016_02-48-12_126_100.dat to s3://rods-sample/dat/9_235259_dwh_rater_usage_wln_extr_102_21196_20123_47584387283264_17-03-2016_02-48-12_126_100.dat
Completed 1 file(s) with 1 file(s) remainingupload: job3-4/output/dat/9_235707_dwh_rater_usage_wln_extr_308_21196_24477_47650277697856_17-03-2016_03-46-12_151_105.dat to s3://rods-sample/dat/9_235707_dwh_rater_usage_wln_extr_308_21196_24477_47650277697856_17-03-2016_03-46-12_151_105.dat
upload: job3-4/output/fin/9_235259_dwh_rater_usage_wln_extr_102_21196_20123_47584387283264_17-03-2016_02-48-12_126_100.dat.FIN to s3://rods-sample/fin/9_235259_dwh_rater_usage_wln_extr_102_21196_20123_47584387283264_17-03-2016_02-48-12_126_100.dat.FIN
Completed 1 file(s) with 1 file(s) remainingupload: job3-4/output/fin/9_235707_dwh_rater_usage_wln_extr_308_21196_24477_47650277697856_17-03-2016_03-46-12_151_105.dat.FIN to s3://rods-sample/fin/9_235707_dwh_rater_usage_wln_extr_308_21196_24477_47650277697856_17-03-2016_03-46-12_151_105.dat.FIN
upload: job3-4/output/wlg_usage/9_235707_dwh_rater_usage_wln_extr_350_21196_24477_47650277697856_17-03-2016_03-46-12_151_107.dat to s3://rods-sample/wlg_usage/9_235707_dwh_rater_usage_wln_extr_350_21196_24477_47650277697856_17-03-2016_03-46-12_151_107.dat
Completed 1 file(s) with 1 file(s) remainingupload: job3-4/output/wlg_usage/9_235707_dwh_rater_usage_wln_extr_350_21196_24477_47650277697856_17-03-2016_03-46-12_151_108.dat.FIN to s3://rods-sample/wlg_usage/9_235707_dwh_rater_usage_wln_extr_350_21196_24477_47650277697856_17-03-2016_03-46-12_151_108.dat.FIN
Cleaning /home/ubuntu/job3-4/output/dat complete.
Cleaning /home/ubuntu/job3-4/output/fin complete.
Cleaning /home/ubuntu/job3-4/output/wlg_usage complete.

